mode: atomic
github.com/kyrazolabs/sdks/go/models/apierrors/errors.go:15.38,16.23 1 0
github.com/kyrazolabs/sdks/go/models/apierrors/errors.go:16.23,18.3 1 0
github.com/kyrazolabs/sdks/go/models/apierrors/errors.go:19.2,19.56 1 0
github.com/kyrazolabs/sdks/go/models/apierrors/errors.go:27.97,36.2 1 1
github.com/kyrazolabs/sdks/go/models/apierrors/errors.go:43.87,52.2 1 0
github.com/kyrazolabs/sdks/go/models/apierrors/errors.go:60.110,70.2 1 1
github.com/kyrazolabs/sdks/go/models/apierrors/errors.go:79.107,90.2 1 1
github.com/kyrazolabs/sdks/go/models/apierrors/errors.go:99.115,110.2 1 1
github.com/kyrazolabs/sdks/go/models/apierrors/errors.go:117.81,126.2 1 0
github.com/kyrazolabs/sdks/go/models/apierrors/errors.go:133.85,142.2 1 0
github.com/kyrazolabs/sdks/go/client.go:27.49,36.27 2 3
github.com/kyrazolabs/sdks/go/client.go:36.27,38.3 1 5
github.com/kyrazolabs/sdks/go/client.go:40.2,48.3 2 3
github.com/kyrazolabs/sdks/go/config.go:17.37,18.25 1 3
github.com/kyrazolabs/sdks/go/config.go:18.25,20.3 1 3
github.com/kyrazolabs/sdks/go/config.go:23.42,24.25 1 1
github.com/kyrazolabs/sdks/go/config.go:24.25,26.3 1 1
github.com/kyrazolabs/sdks/go/config.go:29.35,30.25 1 1
github.com/kyrazolabs/sdks/go/config.go:30.25,32.3 1 1
github.com/kyrazolabs/sdks/go/config.go:35.38,36.25 1 0
github.com/kyrazolabs/sdks/go/config.go:36.25,38.3 1 0
github.com/kyrazolabs/sdks/go/endpoints.go:16.62,18.2 1 3
github.com/kyrazolabs/sdks/go/endpoints.go:21.138,24.15 3 0
github.com/kyrazolabs/sdks/go/endpoints.go:24.15,26.3 1 0
github.com/kyrazolabs/sdks/go/endpoints.go:27.2,27.14 1 0
github.com/kyrazolabs/sdks/go/endpoints.go:27.14,29.3 1 0
github.com/kyrazolabs/sdks/go/endpoints.go:31.2,36.16 2 0
github.com/kyrazolabs/sdks/go/endpoints.go:36.16,38.3 1 0
github.com/kyrazolabs/sdks/go/endpoints.go:39.2,39.19 1 0
github.com/kyrazolabs/sdks/go/endpoints.go:43.130,49.16 3 0
github.com/kyrazolabs/sdks/go/endpoints.go:49.16,51.3 1 0
github.com/kyrazolabs/sdks/go/endpoints.go:52.2,52.19 1 0
github.com/kyrazolabs/sdks/go/endpoints.go:56.155,63.16 3 0
github.com/kyrazolabs/sdks/go/endpoints.go:63.16,65.3 1 0
github.com/kyrazolabs/sdks/go/endpoints.go:66.2,66.19 1 0
github.com/kyrazolabs/sdks/go/endpoints.go:70.167,77.16 3 0
github.com/kyrazolabs/sdks/go/endpoints.go:77.16,79.3 1 0
github.com/kyrazolabs/sdks/go/endpoints.go:80.2,80.19 1 0
github.com/kyrazolabs/sdks/go/endpoints.go:84.122,90.16 3 0
github.com/kyrazolabs/sdks/go/endpoints.go:90.16,92.3 1 0
github.com/kyrazolabs/sdks/go/endpoints.go:93.2,93.19 1 0
github.com/kyrazolabs/sdks/go/events.go:16.56,18.2 1 3
github.com/kyrazolabs/sdks/go/events.go:21.139,28.16 3 1
github.com/kyrazolabs/sdks/go/events.go:28.16,30.3 1 0
github.com/kyrazolabs/sdks/go/events.go:31.2,31.19 1 1
github.com/kyrazolabs/sdks/go/events.go:35.141,42.16 3 0
github.com/kyrazolabs/sdks/go/events.go:42.16,44.3 1 0
github.com/kyrazolabs/sdks/go/events.go:45.2,45.19 1 0
github.com/kyrazolabs/sdks/go/sources.go:16.58,18.2 1 3
github.com/kyrazolabs/sdks/go/sources.go:21.114,24.15 3 0
github.com/kyrazolabs/sdks/go/sources.go:24.15,26.3 1 0
github.com/kyrazolabs/sdks/go/sources.go:27.2,27.14 1 0
github.com/kyrazolabs/sdks/go/sources.go:27.14,29.3 1 0
github.com/kyrazolabs/sdks/go/sources.go:31.2,36.16 2 0
github.com/kyrazolabs/sdks/go/sources.go:36.16,38.3 1 0
github.com/kyrazolabs/sdks/go/sources.go:39.2,39.19 1 0
github.com/kyrazolabs/sdks/go/sources.go:43.111,49.16 3 0
github.com/kyrazolabs/sdks/go/sources.go:49.16,51.3 1 0
github.com/kyrazolabs/sdks/go/sources.go:52.2,52.19 1 0
github.com/kyrazolabs/sdks/go/sources.go:56.129,63.16 3 0
github.com/kyrazolabs/sdks/go/sources.go:63.16,65.3 1 0
github.com/kyrazolabs/sdks/go/sources.go:66.2,66.19 1 0
github.com/kyrazolabs/sdks/go/sources.go:70.146,77.16 3 0
github.com/kyrazolabs/sdks/go/sources.go:77.16,79.3 1 0
github.com/kyrazolabs/sdks/go/sources.go:80.2,80.19 1 0
github.com/kyrazolabs/sdks/go/sources.go:84.105,90.16 3 0
github.com/kyrazolabs/sdks/go/sources.go:90.16,92.3 1 0
github.com/kyrazolabs/sdks/go/sources.go:93.2,93.19 1 0
github.com/kyrazolabs/sdks/go/targets.go:16.58,18.2 1 3
github.com/kyrazolabs/sdks/go/targets.go:21.144,24.13 3 1
github.com/kyrazolabs/sdks/go/targets.go:24.13,26.3 1 0
github.com/kyrazolabs/sdks/go/targets.go:27.2,27.15 1 1
github.com/kyrazolabs/sdks/go/targets.go:27.15,29.3 1 1
github.com/kyrazolabs/sdks/go/targets.go:30.2,30.14 1 1
github.com/kyrazolabs/sdks/go/targets.go:30.14,32.3 1 1
github.com/kyrazolabs/sdks/go/targets.go:34.2,39.16 2 1
github.com/kyrazolabs/sdks/go/targets.go:39.16,41.3 1 0
github.com/kyrazolabs/sdks/go/targets.go:42.2,42.19 1 1
github.com/kyrazolabs/sdks/go/targets.go:46.124,52.16 3 0
github.com/kyrazolabs/sdks/go/targets.go:52.16,54.3 1 0
github.com/kyrazolabs/sdks/go/targets.go:55.2,55.19 1 0
github.com/kyrazolabs/sdks/go/targets.go:59.149,66.16 3 0
github.com/kyrazolabs/sdks/go/targets.go:66.16,68.3 1 0
github.com/kyrazolabs/sdks/go/targets.go:69.2,69.19 1 0
github.com/kyrazolabs/sdks/go/targets.go:73.159,80.16 3 0
github.com/kyrazolabs/sdks/go/targets.go:80.16,82.3 1 0
github.com/kyrazolabs/sdks/go/targets.go:83.2,83.19 1 0
github.com/kyrazolabs/sdks/go/targets.go:87.118,93.16 3 0
github.com/kyrazolabs/sdks/go/targets.go:93.16,95.3 1 0
github.com/kyrazolabs/sdks/go/targets.go:96.2,96.19 1 0
github.com/kyrazolabs/sdks/go/targets.go:100.123,106.16 3 0
github.com/kyrazolabs/sdks/go/targets.go:106.16,108.3 1 0
github.com/kyrazolabs/sdks/go/targets.go:109.2,109.19 1 0
github.com/kyrazolabs/sdks/go/internal/request/client.go:36.98,47.2 1 3
github.com/kyrazolabs/sdks/go/internal/request/client.go:50.87,54.55 3 3
github.com/kyrazolabs/sdks/go/internal/request/client.go:54.55,56.18 1 5
github.com/kyrazolabs/sdks/go/internal/request/client.go:56.18,58.11 2 2
github.com/kyrazolabs/sdks/go/internal/request/client.go:59.31,59.31 0 2
github.com/kyrazolabs/sdks/go/internal/request/client.go:60.22,61.21 1 0
github.com/kyrazolabs/sdks/go/internal/request/client.go:65.3,66.17 2 5
github.com/kyrazolabs/sdks/go/internal/request/client.go:66.17,68.4 1 2
github.com/kyrazolabs/sdks/go/internal/request/client.go:71.3,71.26 1 3
github.com/kyrazolabs/sdks/go/internal/request/client.go:71.26,73.4 1 1
github.com/kyrazolabs/sdks/go/internal/request/client.go:74.3,74.16 1 2
github.com/kyrazolabs/sdks/go/internal/request/client.go:77.2,77.81 1 0
github.com/kyrazolabs/sdks/go/internal/request/client.go:80.106,82.24 2 5
github.com/kyrazolabs/sdks/go/internal/request/client.go:82.24,84.17 2 1
github.com/kyrazolabs/sdks/go/internal/request/client.go:84.17,86.4 1 0
github.com/kyrazolabs/sdks/go/internal/request/client.go:87.3,87.41 1 1
github.com/kyrazolabs/sdks/go/internal/request/client.go:90.2,91.16 2 5
github.com/kyrazolabs/sdks/go/internal/request/client.go:91.16,93.3 1 0
github.com/kyrazolabs/sdks/go/internal/request/client.go:96.2,102.83 5 5
github.com/kyrazolabs/sdks/go/internal/request/client.go:102.83,103.71 1 1
github.com/kyrazolabs/sdks/go/internal/request/client.go:103.71,105.4 1 1
github.com/kyrazolabs/sdks/go/internal/request/client.go:108.2,108.35 1 5
github.com/kyrazolabs/sdks/go/internal/request/client.go:108.35,110.3 1 0
github.com/kyrazolabs/sdks/go/internal/request/client.go:113.2,114.33 2 5
github.com/kyrazolabs/sdks/go/internal/request/client.go:114.33,116.3 1 0
github.com/kyrazolabs/sdks/go/internal/request/client.go:117.2,120.16 3 5
github.com/kyrazolabs/sdks/go/internal/request/client.go:120.16,122.3 1 0
github.com/kyrazolabs/sdks/go/internal/request/client.go:123.2,125.53 2 5
github.com/kyrazolabs/sdks/go/internal/request/client.go:125.53,126.17 1 2
github.com/kyrazolabs/sdks/go/internal/request/client.go:126.17,127.65 1 1
github.com/kyrazolabs/sdks/go/internal/request/client.go:127.65,129.5 1 0
github.com/kyrazolabs/sdks/go/internal/request/client.go:131.3,131.13 1 2
github.com/kyrazolabs/sdks/go/internal/request/client.go:134.2,134.36 1 3
github.com/kyrazolabs/sdks/go/internal/request/client.go:137.46,139.52 1 3
github.com/kyrazolabs/sdks/go/internal/request/client.go:139.52,141.3 1 0
github.com/kyrazolabs/sdks/go/internal/request/client.go:142.2,142.47 1 3
github.com/kyrazolabs/sdks/go/internal/request/client.go:142.47,144.3 1 2
github.com/kyrazolabs/sdks/go/internal/request/client.go:145.2,145.50 1 1
github.com/kyrazolabs/sdks/go/internal/request/client.go:145.50,147.3 1 0
github.com/kyrazolabs/sdks/go/internal/request/client.go:148.2,148.14 1 1
github.com/kyrazolabs/sdks/go/internal/request/client.go:151.65,166.54 4 3
github.com/kyrazolabs/sdks/go/internal/request/client.go:166.54,173.3 1 0
github.com/kyrazolabs/sdks/go/internal/request/client.go:175.2,176.15 2 3
github.com/kyrazolabs/sdks/go/internal/request/client.go:176.15,178.3 1 3
github.com/kyrazolabs/sdks/go/internal/request/client.go:180.2,180.25 1 3
github.com/kyrazolabs/sdks/go/internal/request/client.go:181.11,182.72 1 1
github.com/kyrazolabs/sdks/go/internal/request/client.go:183.11,184.36 1 0
github.com/kyrazolabs/sdks/go/internal/request/client.go:184.36,186.4 1 0
github.com/kyrazolabs/sdks/go/internal/request/client.go:187.3,187.67 1 0
github.com/kyrazolabs/sdks/go/internal/request/client.go:188.11,189.82 1 0
github.com/kyrazolabs/sdks/go/internal/request/client.go:190.11,191.66 1 0
github.com/kyrazolabs/sdks/go/internal/request/client.go:192.11,193.97 1 0
github.com/kyrazolabs/sdks/go/internal/request/client.go:194.26,195.64 1 2
github.com/kyrazolabs/sdks/go/internal/request/client.go:198.2,203.3 1 0
